<?xml version="1.0" encoding="UTF-8"?>
<testsuite name="demo.DemoApplicationTests" tests="1" skipped="0" failures="0" errors="0" timestamp="2025-02-09T13:24:38" hostname="DESKTOP-43G4P2O" time="0.659">
  <properties/>
  <testcase name="contextLoads()" classname="demo.DemoApplicationTests" time="0.659"/>
  <system-out><![CDATA[20:24:26.345 [Test worker] INFO org.springframework.test.context.support.AnnotationConfigContextLoaderUtils -- Could not detect default configuration classes for test class [demo.DemoApplicationTests]: DemoApplicationTests does not declare any static, non-private, non-final, nested classes annotated with @Configuration.
20:24:26.496 [Test worker] INFO org.springframework.boot.test.context.SpringBootTestContextBootstrapper -- Found @SpringBootConfiguration demo.DemoApplication for test class demo.DemoApplicationTests

  .   ____          _            __ _ _
 /\\ / ___'_ __ _ _(_)_ __  __ _ \ \ \ \
( ( )\___ | '_ | '_| | '_ \/ _` | \ \ \ \
 \\/  ___)| |_)| | | | | || (_| |  ) ) ) )
  '  |____| .__|_| |_|_| |_\__, | / / / /
 =========|_|==============|___/=/_/_/_/
 :: Spring Boot ::                (v3.2.1)

2025-02-09T20:24:27.225+07:00  INFO 7092 --- [demo] [    Test worker] demo.DemoApplicationTests                : Starting DemoApplicationTests using Java 21.0.5 with PID 7092 (started by user in D:\CODING\Fasilkom\APAP\TK\demo)
2025-02-09T20:24:27.227+07:00  INFO 7092 --- [demo] [    Test worker] demo.DemoApplicationTests                : No active profile set, falling back to 1 default profile: "default"
2025-02-09T20:24:28.324+07:00  INFO 7092 --- [demo] [    Test worker] .s.d.r.c.RepositoryConfigurationDelegate : Bootstrapping Spring Data JPA repositories in DEFAULT mode.
2025-02-09T20:24:28.421+07:00  INFO 7092 --- [demo] [    Test worker] .s.d.r.c.RepositoryConfigurationDelegate : Finished Spring Data repository scanning in 80 ms. Found 3 JPA repository interfaces.
2025-02-09T20:24:29.207+07:00  INFO 7092 --- [demo] [    Test worker] o.hibernate.jpa.internal.util.LogHelper  : HHH000204: Processing PersistenceUnitInfo [name: default]
2025-02-09T20:24:29.320+07:00  INFO 7092 --- [demo] [    Test worker] org.hibernate.Version                    : HHH000412: Hibernate ORM core version 6.4.1.Final
2025-02-09T20:24:29.383+07:00  INFO 7092 --- [demo] [    Test worker] o.h.c.internal.RegionFactoryInitiator    : HHH000026: Second-level cache disabled
2025-02-09T20:24:29.814+07:00  INFO 7092 --- [demo] [    Test worker] o.s.o.j.p.SpringPersistenceUnitInfo      : No LoadTimeWeaver setup: ignoring JPA class transformer
2025-02-09T20:24:29.865+07:00  INFO 7092 --- [demo] [    Test worker] com.zaxxer.hikari.HikariDataSource       : HikariPool-1 - Starting...
2025-02-09T20:24:32.086+07:00  INFO 7092 --- [demo] [    Test worker] com.zaxxer.hikari.pool.HikariPool        : HikariPool-1 - Added connection org.postgresql.jdbc.PgConnection@76134b9b
2025-02-09T20:24:32.088+07:00  INFO 7092 --- [demo] [    Test worker] com.zaxxer.hikari.HikariDataSource       : HikariPool-1 - Start completed.
2025-02-09T20:24:32.273+07:00  WARN 7092 --- [demo] [    Test worker] org.hibernate.orm.deprecation            : HHH90000025: PostgreSQLDialect does not need to be specified explicitly using 'hibernate.dialect' (remove the property setting and it will be selected by default)
2025-02-09T20:24:33.766+07:00  INFO 7092 --- [demo] [    Test worker] o.h.e.t.j.p.i.JtaPlatformInitiator       : HHH000489: No JTA platform available (set 'hibernate.transaction.jta.platform' to enable JTA platform integration)
2025-02-09T20:24:34.536+07:00  INFO 7092 --- [demo] [    Test worker] j.LocalContainerEntityManagerFactoryBean : Initialized JPA EntityManagerFactory for persistence unit 'default'
2025-02-09T20:24:35.587+07:00  WARN 7092 --- [demo] [    Test worker] JpaBaseConfiguration$JpaWebConfiguration : spring.jpa.open-in-view is enabled by default. Therefore, database queries may be performed during view rendering. Explicitly configure spring.jpa.open-in-view to disable this warning
2025-02-09T20:24:36.401+07:00  INFO 7092 --- [demo] [    Test worker] demo.DemoApplicationTests                : Started DemoApplicationTests in 9.64 seconds (process running for 11.583)
]]></system-out>
  <system-err><![CDATA[WARNING: A Java agent has been loaded dynamically (C:\Users\user\.gradle\caches\modules-2\files-2.1\net.bytebuddy\byte-buddy-agent\1.14.10\90ed94ac044ea8953b224304c762316e91fd6b31\byte-buddy-agent-1.14.10.jar)
WARNING: If a serviceability tool is in use, please run with -XX:+EnableDynamicAgentLoading to hide this warning
WARNING: If a serviceability tool is not in use, please run with -Djdk.instrument.traceUsage for more information
WARNING: Dynamic loading of agents will be disallowed by default in a future release
]]></system-err>
</testsuite>
